<?xml version="1.0" encoding="UTF-8"?>
<!-- Generated by org.testng.reporters.JUnitReportReporter -->
<testsuite hostname="LAPTOP-FG7OJR68" name="Project1.NewTest" tests="1" failures="0" timestamp="22 Feb 2021 17:57:40 GMT" time="9.388" errors="0">
  <testcase name="Camera" time="9.388" classname="Project1.NewTest"/>
</testsuite> <!-- Project1.NewTest -->
